{"name": "test_checkbox", "status": "failed", "statusDetails": {"message": "AssertionError: assert (True, True) == True\n +  where (True, True) = <bound method HomePage.assert_checkboxes of <page.home_page.HomePage object at 0x0000022D052BDC90>>()\n +    where <bound method HomePage.assert_checkboxes of <page.home_page.HomePage object at 0x0000022D052BDC90>> = <page.home_page.HomePage object at 0x0000022D052BDC90>.assert_checkboxes", "trace": "self = <test.test_case.TestCase object at 0x0000022D053144D0>\n\n    @pytest.mark.sanity\n    def test_checkbox(self):\n        tc = HomePage(self.driver)\n        tc.click_checkbox()\n        tc.select_checkboxes()\n        time.sleep(2)\n>       assert tc.assert_checkboxes() == True\nE       assert (True, True) == True\nE        +  where (True, True) = <bound method HomePage.assert_checkboxes of <page.home_page.HomePage object at 0x0000022D052BDC90>>()\nE        +    where <bound method HomePage.assert_checkboxes of <page.home_page.HomePage object at 0x0000022D052BDC90>> = <page.home_page.HomePage object at 0x0000022D052BDC90>.assert_checkboxes\n\ntest\\test_case.py:43: AssertionError"}, "start": 1718121282434, "stop": 1718121292571, "uuid": "4413807f-ef2a-4f5e-8fbb-906e6e34826f", "historyId": "b5d89239df717ba574df8c54bd5069f6", "testCaseId": "b5d89239df717ba574df8c54bd5069f6", "fullName": "test.test_case.TestCase#test_checkbox", "labels": [{"name": "tag", "value": "sanity"}, {"name": "tag", "value": "@pytest.mark.usefixtures('init_driver')"}, {"name": "parentSuite", "value": "test"}, {"name": "suite", "value": "test_case"}, {"name": "subSuite", "value": "TestCase"}, {"name": "host", "value": "DESKTOP-37SE7KI"}, {"name": "thread", "value": "11232-MainThread"}, {"name": "framework", "value": "pytest"}, {"name": "language", "value": "cpython3"}, {"name": "package", "value": "test.test_case"}]}